<?xml version="1.0" encoding="UTF-8"?>
<!-- Generated by org.testng.reporters.JUnitXMLReporter -->
<testsuite hostname="Sumit-kothari" name=" OperationalView_ProjectViewTest" tests="5" failures="0" timestamp="27 Mar 2015 09:15:08 GMT" time="0.013" errors="0">
  <testcase name="@BeforeTest isSkipped" time="0.0" classname="tests.OperationalView_ProjectViewTest">
    <skipped/>
  </testcase> <!-- @BeforeTest isSkipped -->
  <testcase name="OperationalView_ProjectView" time="0.001" classname="tests.OperationalView_ProjectViewTest">
    <skipped/>
  </testcase> <!-- OperationalView_ProjectView -->
  <testcase name="OperationalView_ProjectView" time="0.0" classname="tests.OperationalView_ProjectViewTest">
    <skipped/>
  </testcase> <!-- OperationalView_ProjectView -->
  <testcase name="OperationalView_ProjectView" time="0.001" classname="tests.OperationalView_ProjectViewTest">
    <skipped/>
  </testcase> <!-- OperationalView_ProjectView -->
  <testcase name="OperationalView_ProjectView" time="0.001" classname="tests.OperationalView_ProjectViewTest">
    <skipped/>
  </testcase> <!-- OperationalView_ProjectView -->
  <testcase name="OperationalView_ProjectView" time="0.001" classname="tests.OperationalView_ProjectViewTest">
    <skipped/>
  </testcase> <!-- OperationalView_ProjectView -->
</testsuite> <!--  OperationalView_ProjectViewTest -->
