<?xml version="1.0" encoding="UTF-8"?>
<!-- Generated by org.testng.reporters.JUnitXMLReporter -->
<testsuite hostname="Sumit-kothari" name=" OperationalView_ProjectViewTest" tests="5" failures="0" timestamp="23 Mar 2015 11:40:12 GMT" time="513.124" errors="0">
  <testcase name="OperationalView_ProjectView" time="215.552" classname="tests.OperationalView_ProjectViewTest"/>
  <testcase name="OperationalView_ProjectView" time="30.59" classname="tests.OperationalView_ProjectViewTest"/>
  <testcase name="OperationalView_ProjectView" time="64.372" classname="tests.OperationalView_ProjectViewTest"/>
  <testcase name="OperationalView_ProjectView" time="59.868" classname="tests.OperationalView_ProjectViewTest"/>
  <testcase name="OperationalView_ProjectView" time="142.732" classname="tests.OperationalView_ProjectViewTest"/>
</testsuite> <!--  OperationalView_ProjectViewTest -->
