<?xml version="1.0" encoding="UTF-8"?>
<!-- Generated by org.testng.reporters.JUnitXMLReporter -->
<testsuite hostname="Sumit-kothari" name="Login Test" tests="4" failures="0" timestamp="27 Mar 2015 09:15:08 GMT" time="0.03" errors="0">
  <testcase name="@BeforeTest isSkipped" time="0.0" classname="tests.LoginTest">
    <skipped/>
  </testcase> <!-- @BeforeTest isSkipped -->
  <testcase name="login" time="0.001" classname="tests.LoginTest">
    <skipped/>
  </testcase> <!-- login -->
  <testcase name="login" time="0.001" classname="tests.LoginTest">
    <skipped/>
  </testcase> <!-- login -->
  <testcase name="login" time="0.001" classname="tests.LoginTest">
    <skipped/>
  </testcase> <!-- login -->
  <testcase name="login" time="0.001" classname="tests.LoginTest">
    <skipped/>
  </testcase> <!-- login -->
</testsuite> <!-- Login Test -->
