<?xml version="1.0" encoding="UTF-8"?>
<!-- Generated by org.testng.reporters.JUnitXMLReporter -->
<testsuite hostname="Sumit-kothari" name="OperationalView_ReportViewTest Test" tests="1" failures="0" timestamp="27 Mar 2015 09:15:08 GMT" time="0.004" errors="0">
  <testcase name="@BeforeTest isSkipped" time="0.0" classname="tests.OperationalView_ReportViewTest">
    <skipped/>
  </testcase> <!-- @BeforeTest isSkipped -->
  <testcase name="OperationalView_ReportView" time="0.001" classname="tests.OperationalView_ReportViewTest">
    <skipped/>
  </testcase> <!-- OperationalView_ReportView -->
</testsuite> <!-- OperationalView_ReportViewTest Test -->
