<?xml version="1.0" encoding="UTF-8"?>
<!-- Generated by org.testng.reporters.JUnitXMLReporter -->
<testsuite hostname="manish-3010" name="Portfolio Test" tests="5" failures="0" timestamp="19 Feb 2015 06:03:07 GMT" time="0.009" errors="0">
  <testcase name="@BeforeTest isSkipped" time="0.0" classname="tests.PortfolioTest">
    <skipped/>
  </testcase> <!-- @BeforeTest isSkipped -->
  <testcase name="Portfolio" time="0.001" classname="tests.PortfolioTest">
    <skipped/>
  </testcase> <!-- Portfolio -->
  <testcase name="Portfolio" time="0.001" classname="tests.PortfolioTest">
    <skipped/>
  </testcase> <!-- Portfolio -->
  <testcase name="Portfolio" time="0.001" classname="tests.PortfolioTest">
    <skipped/>
  </testcase> <!-- Portfolio -->
  <testcase name="Portfolio" time="0.0" classname="tests.PortfolioTest">
    <skipped/>
  </testcase> <!-- Portfolio -->
  <testcase name="Portfolio" time="0.0" classname="tests.PortfolioTest">
    <skipped/>
  </testcase> <!-- Portfolio -->
</testsuite> <!-- Portfolio Test -->
