<?xml version="1.0" encoding="UTF-8"?>
<!-- Generated by org.testng.reporters.JUnitXMLReporter -->
<testsuite hostname="Sumit-kothari" name="Portfolio Test" tests="1" failures="0" timestamp="27 Feb 2015 07:09:16 GMT" time="0.006" errors="0">
  <testcase name="@BeforeTest isSkipped" time="0.0" classname="tests.PortfolioTest">
    <skipped/>
  </testcase> <!-- @BeforeTest isSkipped -->
  <testcase name="Portfolio" time="0.0" classname="tests.PortfolioTest">
    <skipped/>
  </testcase> <!-- Portfolio -->
</testsuite> <!-- Portfolio Test -->
