<?xml version="1.0" encoding="UTF-8"?>
<!-- Generated by org.testng.reporters.JUnitXMLReporter -->
<testsuite hostname="manish-3010" name="Project Overview Test" tests="4" failures="0" timestamp="19 Feb 2015 06:03:07 GMT" time="0.007" errors="0">
  <testcase name="@BeforeTest isSkipped" time="0.0" classname="tests.ProjectOverviewPageTest">
    <skipped/>
  </testcase> <!-- @BeforeTest isSkipped -->
  <testcase name="projectOverviewPage" time="0.0" classname="tests.ProjectOverviewPageTest">
    <skipped/>
  </testcase> <!-- projectOverviewPage -->
  <testcase name="projectOverviewPage" time="0.0" classname="tests.ProjectOverviewPageTest">
    <skipped/>
  </testcase> <!-- projectOverviewPage -->
  <testcase name="projectOverviewPage" time="0.001" classname="tests.ProjectOverviewPageTest">
    <skipped/>
  </testcase> <!-- projectOverviewPage -->
  <testcase name="projectOverviewPage" time="0.0" classname="tests.ProjectOverviewPageTest">
    <skipped/>
  </testcase> <!-- projectOverviewPage -->
</testsuite> <!-- Project Overview Test -->
