<?xml version="1.0" encoding="UTF-8"?>
<!-- Generated by org.testng.reporters.JUnitXMLReporter -->
<testsuite hostname="Sumit-kothari" name="Project Overview Test" tests="4" failures="0" timestamp="27 Mar 2015 09:15:08 GMT" time="0.01" errors="0">
  <testcase name="@BeforeTest isSkipped" time="0.0" classname="tests.ProjectOverviewPageTest">
    <skipped/>
  </testcase> <!-- @BeforeTest isSkipped -->
  <testcase name="projectOverviewPage" time="0.001" classname="tests.ProjectOverviewPageTest">
    <skipped/>
  </testcase> <!-- projectOverviewPage -->
  <testcase name="projectOverviewPage" time="0.001" classname="tests.ProjectOverviewPageTest">
    <skipped/>
  </testcase> <!-- projectOverviewPage -->
  <testcase name="projectOverviewPage" time="0.001" classname="tests.ProjectOverviewPageTest">
    <skipped/>
  </testcase> <!-- projectOverviewPage -->
  <testcase name="projectOverviewPage" time="0.001" classname="tests.ProjectOverviewPageTest">
    <skipped/>
  </testcase> <!-- projectOverviewPage -->
</testsuite> <!-- Project Overview Test -->
